


ARM Macro Assembler    Page 1 


    1 00000000         ; LCD.s
    2 00000000         ; Student names: Franklin Mao & Ronak Patel
    3 00000000         ; Last modification date: 04/17/19
    4 00000000         
    5 00000000         ; Runs on LM4F120/TM4C123
    6 00000000         ; Use SSI0 to send an 8-bit code to the ST7735 160x128 p
                       ixel LCD.
    7 00000000         
    8 00000000         ; As part of Lab 7, students need to implement these LCD
                       _WriteCommand and LCD_WriteData
    9 00000000         ; This driver assumes two low-level LCD functions
   10 00000000         
   11 00000000         ; Backlight (pin 10) connected to +3.3 V
   12 00000000         ; MISO (pin 9) unconnected
   13 00000000         ; SCK (pin 8) connected to PA2 (SSI0Clk)
   14 00000000         ; MOSI (pin 7) connected to PA5 (SSI0Tx)
   15 00000000         ; TFT_CS (pin 6) connected to PA3 (SSI0Fss)
   16 00000000         ; CARD_CS (pin 5) unconnected
   17 00000000         ; Data/Command (pin 4) connected to PA6 (GPIO)
   18 00000000         ; RESET (pin 3) connected to PA7 (GPIO)
   19 00000000         ; VCC (pin 2) connected to +3.3 V
   20 00000000         ; Gnd (pin 1) connected to ground
   21 00000000         
   22 00000000 40004100 
                       DC      EQU              0x40004100
   23 00000000 00000000 
                       DC_COMMAND
                               EQU              0
   24 00000000 00000040 
                       DC_DATA EQU              0x40
   25 00000000 40008008 
                       SSI0_DR_R
                               EQU              0x40008008
   26 00000000 4000800C 
                       SSI0_SR_R
                               EQU              0x4000800C
   27 00000000 00000004 
                       SSI_SR_RNE
                               EQU              0x00000004  ; SSI Receive FIFO 
                                                            Not Empty
   28 00000000 00000010 
                       SSI_SR_BSY
                               EQU              0x00000010  ; SSI Busy Bit
   29 00000000 00000002 
                       SSI_SR_TNF
                               EQU              0x00000002  ; SSI Transmit FIFO
                                                             Not Full
   30 00000000         
   31 00000000                 EXPORT           writecommand
   32 00000000                 EXPORT           writedata
   33 00000000         
   34 00000000                 AREA             |.text|, CODE, READONLY, ALIGN=
2
   35 00000000                 THUMB
   36 00000000                 ALIGN
   37 00000000         
   38 00000000         ; The Data/Command pin must be valid when the eighth bit
                        is
   39 00000000         ; sent.  The SSI module has hardware input and output FI



ARM Macro Assembler    Page 2 


                       FOs
   40 00000000         ; that are 8 locations deep.  Based on the observation t
                       hat
   41 00000000         ; the LCD interface tends to send a few commands and the
                       n a
   42 00000000         ; lot of data, the FIFOs are not used when writing
   43 00000000         ; commands, and they are used when writing data.  This
   44 00000000         ; ensures that the Data/Command pin status matches the b
                       yte
   45 00000000         ; that is actually being transmitted.
   46 00000000         ; The write command operation waits until all data has b
                       een
   47 00000000         ; sent, configures the Data/Command pin for commands, se
                       nds
   48 00000000         ; the command, and then waits for the transmission to
   49 00000000         ; finish.
   50 00000000         ; The write data operation waits until there is room in 
                       the
   51 00000000         ; transmit FIFO, configures the Data/Command pin for dat
                       a,
   52 00000000         ; and then adds the data to the transmit FIFO.
   53 00000000         ; NOTE: These functions will crash or stall indefinitely
                        if
   54 00000000         ; the SSI0 module is not initialized and enabled.
   55 00000000         
   56 00000000         ; This is a helper function that sends an 8-bit command 
                       to the LCD.
   57 00000000         ; Input: R0  8-bit command to transmit
   58 00000000         ; Output: none
   59 00000000         ; Assumes: SSI0 and port A have already been initialized
                        and enabled
   60 00000000         writecommand
   61 00000000         ;; --UUU-- Code to write a command to the LCD
   62 00000000         ;1) Read SSI0_SR_R and check bit 4, 
   63 00000000         ;2) If bit 4 is high, loop back to step 1 (wait for BUSY
                        bit to be low)
   64 00000000         ;3) Clear D/C=PA6 to zero
   65 00000000         ;4) Write the command to SSI0_DR_R
   66 00000000         ;5) Read SSI0_SR_R and check bit 4, 
   67 00000000         ;6) If bit 4 is high, loop back to step 5 (wait for BUSY
                        bit to be low)
   68 00000000         WAIT1
   69 00000000 4915            LDR              R1, =SSI0_SR_R
   70 00000002 680A            LDR              R2, [R1]
   71 00000004 F04F 0310       LDR              R3, =SSI_SR_BSY
   72 00000008 EA02 0203       AND              R2, R2, R3
   73 0000000C EA4F 1212       LSR              R2, R2, #4
   74 00000010 2A01            CMP              R2, #1
   75 00000012 D0F5            BEQ              WAIT1
   76 00000014 4911            LDR              R1, =DC
   77 00000016 680A            LDR              R2, [R1]
   78 00000018 F04F 0200       LDR              R2, =DC_COMMAND
   79 0000001C 600A            STR              R2, [R1]
   80 0000001E 4910            LDR              R1, =SSI0_DR_R
   81 00000020 6008            STR              R0, [R1]    ; WRITE COMMAND TO 
                                                            SSI0_DR_R
   82 00000022         WAIT2
   83 00000022 490D            LDR              R1, =SSI0_SR_R
   84 00000024 680A            LDR              R2, [R1]



ARM Macro Assembler    Page 3 


   85 00000026 F04F 0310       LDR              R3, =SSI_SR_BSY
   86 0000002A EA02 0203       AND              R2, R2, R3
   87 0000002E EA4F 1212       LSR              R2, R2, #4
   88 00000032 2A01            CMP              R2, #1
   89 00000034 D0F5            BEQ              WAIT2
   90 00000036         
   91 00000036         
   92 00000036 4770            BX               LR          ;   return
   93 00000038         
   94 00000038         ; This is a helper function that sends an 8-bit data to 
                       the LCD.
   95 00000038         ; Input: R0  8-bit data to transmit
   96 00000038         ; Output: none
   97 00000038         ; Assumes: SSI0 and port A have already been initialized
                        and enabled
   98 00000038         writedata
   99 00000038         ;; --UUU-- Code to write data to the LCD
  100 00000038         ;1) Read SSI0_SR_R and check bit 1, 
  101 00000038         ;2) If bit 1 is low loop back to step 1 (wait for TNF bi
                       t to be high)
  102 00000038         ;3) Set D/C=PA6 to one
  103 00000038         ;4) Write the 8-bit data to SSI0_DR_R
  104 00000038         WAITLOW
  105 00000038 4907            LDR              R1, =SSI0_SR_R
  106 0000003A 680A            LDR              R2, [R1]
  107 0000003C F04F 0302       LDR              R3, =SSI_SR_TNF
  108 00000040 EA02 0203       AND              R2, R2, R3  ;CHECK BIT 1
  109 00000044 2A00            CMP              R2, #0
  110 00000046 D0F7            BEQ              WAITLOW
  111 00000048 4904            LDR              R1, =DC
  112 0000004A F04F 0240       LDR              R2, =DC_DATA
  113 0000004E 600A            STR              R2, [R1]    ;SET D/C=PA6 TO 1
  114 00000050 4903            LDR              R1, =SSI0_DR_R
  115 00000052 6008            STR              R0, [R1]
  116 00000054         
  117 00000054 4770            BX               LR          ;   return
  118 00000056         
  119 00000056         
  120 00000056         ;***************************************************
  121 00000056         ; This is a library for the Adafruit 1.8" SPI display.
  122 00000056         ; This library works with the Adafruit 1.8" TFT Breakout
                        w/SD card
  123 00000056         ; ----> http://www.adafruit.com/products/358
  124 00000056         ; as well as Adafruit raw 1.8" TFT display
  125 00000056         ; ----> http://www.adafruit.com/products/618
  126 00000056         ;
  127 00000056         ; Check out the links above for our tutorials and wiring
                        diagrams
  128 00000056         ; These displays use SPI to communicate, 4 or 5 pins are
                        required to
  129 00000056         ; interface (RST is optional)
  130 00000056         ; Adafruit invests time and resources providing this ope
                       n source code,
  131 00000056         ; please support Adafruit and open-source hardware by pu
                       rchasing
  132 00000056         ; products from Adafruit!
  133 00000056         ;
  134 00000056         ; Written by Limor Fried/Ladyada for Adafruit Industries
                       .



ARM Macro Assembler    Page 4 


  135 00000056         ; MIT license, all text above must be included in any re
                       distribution
  136 00000056         ;****************************************************
  137 00000056         
  138 00000056 00 00           ALIGN                        ; make sure the end
                                                             of this section is
                                                             aligned
  139 00000058                 END                          ; end of file
              4000800C 
              40004100 
              40008008 
Command Line: --debug --xref --diag_suppress=9931 --cpu=Cortex-M4.fp --apcs=int
erwork --depend=.\lcd.d -o.\lcd.o -I.\RTE\_Etterna -IC:\Keil_v5\ARM\PACK\ARM\CM
SIS\5.4.0\CMSIS\Core\Include -IC:\Keil_v5\ARM\PACK\Keil\TM4C_DFP\1.1.0\Device\I
nclude\TM4C123 --predefine="__MICROLIB SETA 1" --predefine="__UVISION_VERSION S
ETA 526" --predefine="_RTE_ SETA 1" --predefine="TM4C123GH6PM SETA 1" --list=.\
lcd.lst LCD.s



ARM Macro Assembler    Page 1 Alphabetic symbol ordering
Relocatable symbols

.text 00000000

Symbol: .text
   Definitions
      At line 34 in file LCD.s
   Uses
      None
Comment: .text unused
WAIT1 00000000

Symbol: WAIT1
   Definitions
      At line 68 in file LCD.s
   Uses
      At line 75 in file LCD.s
Comment: WAIT1 used once
WAIT2 00000022

Symbol: WAIT2
   Definitions
      At line 82 in file LCD.s
   Uses
      At line 89 in file LCD.s
Comment: WAIT2 used once
WAITLOW 00000038

Symbol: WAITLOW
   Definitions
      At line 104 in file LCD.s
   Uses
      At line 110 in file LCD.s
Comment: WAITLOW used once
writecommand 00000000

Symbol: writecommand
   Definitions
      At line 60 in file LCD.s
   Uses
      At line 31 in file LCD.s
Comment: writecommand used once
writedata 00000038

Symbol: writedata
   Definitions
      At line 98 in file LCD.s
   Uses
      At line 32 in file LCD.s
Comment: writedata used once
6 symbols



ARM Macro Assembler    Page 1 Alphabetic symbol ordering
Absolute symbols

DC 40004100

Symbol: DC
   Definitions
      At line 22 in file LCD.s
   Uses
      At line 76 in file LCD.s
      At line 111 in file LCD.s

DC_COMMAND 00000000

Symbol: DC_COMMAND
   Definitions
      At line 23 in file LCD.s
   Uses
      At line 78 in file LCD.s
Comment: DC_COMMAND used once
DC_DATA 00000040

Symbol: DC_DATA
   Definitions
      At line 24 in file LCD.s
   Uses
      At line 112 in file LCD.s
Comment: DC_DATA used once
SSI0_DR_R 40008008

Symbol: SSI0_DR_R
   Definitions
      At line 25 in file LCD.s
   Uses
      At line 80 in file LCD.s
      At line 114 in file LCD.s

SSI0_SR_R 4000800C

Symbol: SSI0_SR_R
   Definitions
      At line 26 in file LCD.s
   Uses
      At line 69 in file LCD.s
      At line 83 in file LCD.s
      At line 105 in file LCD.s

SSI_SR_BSY 00000010

Symbol: SSI_SR_BSY
   Definitions
      At line 28 in file LCD.s
   Uses
      At line 71 in file LCD.s
      At line 85 in file LCD.s

SSI_SR_RNE 00000004

Symbol: SSI_SR_RNE
   Definitions
      At line 27 in file LCD.s
   Uses



ARM Macro Assembler    Page 2 Alphabetic symbol ordering
Absolute symbols

      None
Comment: SSI_SR_RNE unused
SSI_SR_TNF 00000002

Symbol: SSI_SR_TNF
   Definitions
      At line 29 in file LCD.s
   Uses
      At line 107 in file LCD.s
Comment: SSI_SR_TNF used once
8 symbols
351 symbols in table
